<?xml version="1.0" encoding="UTF-8"?>
<coverage generated="1525234970167" clover="3.2.0">
  <project timestamp="1525234970168" name="All files">
    <metrics statements="62" coveredstatements="62" conditionals="20" coveredconditionals="17" methods="20" coveredmethods="20" elements="102" coveredelements="99" complexity="0" loc="62" ncloc="62" packages="1" files="1" classes="1">
      <file name="index.js" path="/Users/zf/Desktop/rectx/src/index.js">
        <metrics statements="62" coveredstatements="62" conditionals="20" coveredconditionals="17" methods="20" coveredmethods="20"/>
        <line num="5" count="1" type="stmt"/>
        <line num="6" count="1" type="stmt"/>
        <line num="10" count="8" type="stmt"/>
        <line num="11" count="8" type="stmt"/>
        <line num="12" count="8" type="stmt"/>
        <line num="13" count="8" type="stmt"/>
        <line num="14" count="8" type="stmt"/>
        <line num="18" count="17" type="cond" truecount="2" falsecount="0"/>
        <line num="19" count="10" type="stmt"/>
        <line num="20" count="10" type="stmt"/>
        <line num="25" count="2" type="stmt"/>
        <line num="26" count="2" type="stmt"/>
        <line num="30" count="5" type="stmt"/>
        <line num="31" count="5" type="stmt"/>
        <line num="33" count="5" type="cond" truecount="2" falsecount="0"/>
        <line num="34" count="1" type="stmt"/>
        <line num="36" count="4" type="stmt"/>
        <line num="39" count="5" type="cond" truecount="1" falsecount="1"/>
        <line num="40" count="5" type="stmt"/>
        <line num="42" count="5" type="stmt"/>
        <line num="44" count="5" type="stmt"/>
        <line num="45" count="6" type="stmt"/>
        <line num="46" count="6" type="stmt"/>
        <line num="47" count="6" type="cond" truecount="2" falsecount="0"/>
        <line num="48" count="4" type="stmt"/>
        <line num="50" count="6" type="cond" truecount="1" falsecount="1"/>
        <line num="55" count="5" type="stmt"/>
        <line num="62" count="11" type="stmt"/>
        <line num="63" count="11" type="stmt"/>
        <line num="64" count="11" type="stmt"/>
        <line num="65" count="11" type="stmt"/>
        <line num="66" count="11" type="stmt"/>
        <line num="67" count="11" type="stmt"/>
        <line num="70" count="8" type="stmt"/>
        <line num="71" count="8" type="cond" truecount="2" falsecount="0"/>
        <line num="72" count="7" type="stmt"/>
        <line num="75" count="1" type="stmt"/>
        <line num="79" count="2" type="stmt"/>
        <line num="80" count="2" type="stmt"/>
        <line num="82" count="2" type="stmt"/>
        <line num="86" count="10" type="stmt"/>
        <line num="87" count="10" type="cond" truecount="2" falsecount="0"/>
        <line num="91" count="6" type="cond" truecount="1" falsecount="1"/>
        <line num="95" count="19" type="cond" truecount="2" falsecount="0"/>
        <line num="96" count="2" type="stmt"/>
        <line num="99" count="17" type="stmt"/>
        <line num="101" count="17" type="stmt"/>
        <line num="102" count="17" type="cond" truecount="2" falsecount="0"/>
        <line num="103" count="9" type="stmt"/>
        <line num="104" count="9" type="stmt"/>
        <line num="105" count="9" type="stmt"/>
        <line num="108" count="8" type="stmt"/>
        <line num="109" count="8" type="stmt"/>
        <line num="110" count="8" type="stmt"/>
        <line num="111" count="8" type="stmt"/>
        <line num="114" count="17" type="stmt"/>
        <line num="115" count="17" type="stmt"/>
        <line num="119" count="18" type="stmt"/>
        <line num="120" count="19" type="stmt"/>
        <line num="127" count="8" type="stmt"/>
        <line num="130" count="8" type="stmt"/>
        <line num="131" count="8" type="stmt"/>
      </file>
    </metrics>
  </project>
</coverage>
