{"/Users/zf/Desktop/rectx/src/index.js": {"path":"/Users/zf/Desktop/rectx/src/index.js","statementMap":{"0":{"start":{"line":5,"column":16},"end":{"line":5,"column":36}},"1":{"start":{"line":6,"column":17},"end":{"line":6,"column":18}},"2":{"start":{"line":10,"column":4},"end":{"line":10,"column":19}},"3":{"start":{"line":11,"column":4},"end":{"line":11,"column":27}},"4":{"start":{"line":12,"column":4},"end":{"line":12,"column":26}},"5":{"start":{"line":13,"column":4},"end":{"line":13,"column":24}},"6":{"start":{"line":14,"column":4},"end":{"line":14,"column":24}},"7":{"start":{"line":18,"column":4},"end":{"line":21,"column":5}},"8":{"start":{"line":19,"column":6},"end":{"line":19,"column":28}},"9":{"start":{"line":20,"column":6},"end":{"line":20,"column":55}},"10":{"start":{"line":25,"column":4},"end":{"line":25,"column":23}},"11":{"start":{"line":26,"column":4},"end":{"line":26,"column":68}},"12":{"start":{"line":26,"column":56},"end":{"line":26,"column":67}},"13":{"start":{"line":30,"column":4},"end":{"line":30,"column":23}},"14":{"start":{"line":31,"column":4},"end":{"line":56,"column":6}},"15":{"start":{"line":33,"column":6},"end":{"line":37,"column":7}},"16":{"start":{"line":34,"column":8},"end":{"line":34,"column":47}},"17":{"start":{"line":36,"column":8},"end":{"line":36,"column":48}},"18":{"start":{"line":39,"column":6},"end":{"line":53,"column":7}},"19":{"start":{"line":40,"column":8},"end":{"line":40,"column":29}},"20":{"start":{"line":42,"column":30},"end":{"line":42,"column":55}},"21":{"start":{"line":44,"column":8},"end":{"line":52,"column":10}},"22":{"start":{"line":45,"column":10},"end":{"line":51,"column":12}},"23":{"start":{"line":46,"column":12},"end":{"line":46,"column":29}},"24":{"start":{"line":47,"column":12},"end":{"line":49,"column":13}},"25":{"start":{"line":48,"column":14},"end":{"line":48,"column":34}},"26":{"start":{"line":50,"column":12},"end":{"line":50,"column":32}},"27":{"start":{"line":55,"column":6},"end":{"line":55,"column":27}},"28":{"start":{"line":62,"column":4},"end":{"line":62,"column":16}},"29":{"start":{"line":63,"column":4},"end":{"line":63,"column":16}},"30":{"start":{"line":64,"column":4},"end":{"line":64,"column":24}},"31":{"start":{"line":65,"column":4},"end":{"line":65,"column":19}},"32":{"start":{"line":66,"column":4},"end":{"line":66,"column":22}},"33":{"start":{"line":67,"column":4},"end":{"line":67,"column":27}},"34":{"start":{"line":70,"column":4},"end":{"line":74,"column":5}},"35":{"start":{"line":71,"column":6},"end":{"line":73,"column":7}},"36":{"start":{"line":72,"column":8},"end":{"line":72,"column":19}},"37":{"start":{"line":75,"column":4},"end":{"line":75,"column":16}},"38":{"start":{"line":79,"column":4},"end":{"line":81,"column":6}},"39":{"start":{"line":80,"column":6},"end":{"line":80,"column":31}},"40":{"start":{"line":82,"column":4},"end":{"line":82,"column":27}},"41":{"start":{"line":86,"column":4},"end":{"line":86,"column":26}},"42":{"start":{"line":87,"column":4},"end":{"line":87,"column":73}},"43":{"start":{"line":91,"column":4},"end":{"line":91,"column":46}},"44":{"start":{"line":91,"column":25},"end":{"line":91,"column":46}},"45":{"start":{"line":95,"column":4},"end":{"line":97,"column":5}},"46":{"start":{"line":96,"column":6},"end":{"line":96,"column":78}},"47":{"start":{"line":99,"column":31},"end":{"line":99,"column":44}},"48":{"start":{"line":101,"column":22},"end":{"line":112,"column":6}},"49":{"start":{"line":102,"column":6},"end":{"line":106,"column":7}},"50":{"start":{"line":103,"column":25},"end":{"line":103,"column":45}},"51":{"start":{"line":104,"column":8},"end":{"line":104,"column":66}},"52":{"start":{"line":105,"column":8},"end":{"line":105,"column":23}},"53":{"start":{"line":108,"column":24},"end":{"line":108,"column":37}},"54":{"start":{"line":109,"column":6},"end":{"line":109,"column":67}},"55":{"start":{"line":110,"column":6},"end":{"line":110,"column":39}},"56":{"start":{"line":111,"column":6},"end":{"line":111,"column":24}},"57":{"start":{"line":114,"column":4},"end":{"line":114,"column":31}},"58":{"start":{"line":115,"column":4},"end":{"line":115,"column":24}},"59":{"start":{"line":119,"column":4},"end":{"line":121,"column":5}},"60":{"start":{"line":120,"column":36},"end":{"line":120,"column":96}},"61":{"start":{"line":127,"column":4},"end":{"line":134,"column":5}},"62":{"start":{"line":130,"column":27},"end":{"line":130,"column":44}},"63":{"start":{"line":131,"column":10},"end":{"line":131,"column":94}}},"fnMap":{"0":{"name":"(anonymous_0)","decl":{"start":{"line":9,"column":2},"end":{"line":9,"column":3}},"loc":{"start":{"line":9,"column":16},"end":{"line":15,"column":3}},"line":9},"1":{"name":"(anonymous_1)","decl":{"start":{"line":17,"column":16},"end":{"line":17,"column":17}},"loc":{"start":{"line":17,"column":34},"end":{"line":22,"column":3}},"line":17},"2":{"name":"(anonymous_2)","decl":{"start":{"line":24,"column":19},"end":{"line":24,"column":20}},"loc":{"start":{"line":24,"column":25},"end":{"line":27,"column":3}},"line":24},"3":{"name":"(anonymous_3)","decl":{"start":{"line":26,"column":51},"end":{"line":26,"column":52}},"loc":{"start":{"line":26,"column":56},"end":{"line":26,"column":67}},"line":26},"4":{"name":"(anonymous_4)","decl":{"start":{"line":29,"column":2},"end":{"line":29,"column":3}},"loc":{"start":{"line":29,"column":24},"end":{"line":57,"column":3}},"line":29},"5":{"name":"(anonymous_5)","decl":{"start":{"line":31,"column":17},"end":{"line":31,"column":18}},"loc":{"start":{"line":31,"column":23},"end":{"line":56,"column":5}},"line":31},"6":{"name":"(anonymous_6)","decl":{"start":{"line":44,"column":35},"end":{"line":44,"column":36}},"loc":{"start":{"line":44,"column":51},"end":{"line":52,"column":9}},"line":44},"7":{"name":"(anonymous_7)","decl":{"start":{"line":45,"column":25},"end":{"line":45,"column":26}},"loc":{"start":{"line":45,"column":31},"end":{"line":51,"column":11}},"line":45},"8":{"name":"(anonymous_8)","decl":{"start":{"line":61,"column":2},"end":{"line":61,"column":3}},"loc":{"start":{"line":61,"column":21},"end":{"line":68,"column":3}},"line":61},"9":{"name":"(anonymous_9)","decl":{"start":{"line":69,"column":2},"end":{"line":69,"column":3}},"loc":{"start":{"line":69,"column":26},"end":{"line":76,"column":3}},"line":69},"10":{"name":"(anonymous_10)","decl":{"start":{"line":78,"column":2},"end":{"line":78,"column":3}},"loc":{"start":{"line":78,"column":25},"end":{"line":83,"column":3}},"line":78},"11":{"name":"(anonymous_11)","decl":{"start":{"line":79,"column":26},"end":{"line":79,"column":27}},"loc":{"start":{"line":79,"column":31},"end":{"line":81,"column":5}},"line":79},"12":{"name":"(anonymous_12)","decl":{"start":{"line":85,"column":2},"end":{"line":85,"column":3}},"loc":{"start":{"line":85,"column":22},"end":{"line":88,"column":3}},"line":85},"13":{"name":"(anonymous_13)","decl":{"start":{"line":90,"column":16},"end":{"line":90,"column":17}},"loc":{"start":{"line":90,"column":31},"end":{"line":92,"column":3}},"line":90},"14":{"name":"(anonymous_14)","decl":{"start":{"line":94,"column":18},"end":{"line":94,"column":19}},"loc":{"start":{"line":94,"column":29},"end":{"line":116,"column":3}},"line":94},"15":{"name":"(anonymous_15)","decl":{"start":{"line":101,"column":45},"end":{"line":101,"column":46}},"loc":{"start":{"line":101,"column":56},"end":{"line":112,"column":5}},"line":101},"16":{"name":"(anonymous_16)","decl":{"start":{"line":118,"column":2},"end":{"line":118,"column":3}},"loc":{"start":{"line":118,"column":11},"end":{"line":122,"column":3}},"line":118},"17":{"name":"(anonymous_17)","decl":{"start":{"line":120,"column":25},"end":{"line":120,"column":26}},"loc":{"start":{"line":120,"column":36},"end":{"line":120,"column":96}},"line":120},"18":{"name":"(anonymous_18)","decl":{"start":{"line":126,"column":2},"end":{"line":126,"column":3}},"loc":{"start":{"line":126,"column":11},"end":{"line":135,"column":3}},"line":126},"19":{"name":"(anonymous_19)","decl":{"start":{"line":129,"column":9},"end":{"line":129,"column":10}},"loc":{"start":{"line":129,"column":21},"end":{"line":132,"column":9}},"line":129}},"branchMap":{"0":{"loc":{"start":{"line":18,"column":4},"end":{"line":21,"column":5}},"type":"if","locations":[{"start":{"line":18,"column":4},"end":{"line":21,"column":5}},{"start":{"line":18,"column":4},"end":{"line":21,"column":5}}],"line":18},"1":{"loc":{"start":{"line":33,"column":6},"end":{"line":37,"column":7}},"type":"if","locations":[{"start":{"line":33,"column":6},"end":{"line":37,"column":7}},{"start":{"line":33,"column":6},"end":{"line":37,"column":7}}],"line":33},"2":{"loc":{"start":{"line":39,"column":6},"end":{"line":53,"column":7}},"type":"if","locations":[{"start":{"line":39,"column":6},"end":{"line":53,"column":7}},{"start":{"line":39,"column":6},"end":{"line":53,"column":7}}],"line":39},"3":{"loc":{"start":{"line":47,"column":12},"end":{"line":49,"column":13}},"type":"if","locations":[{"start":{"line":47,"column":12},"end":{"line":49,"column":13}},{"start":{"line":47,"column":12},"end":{"line":49,"column":13}}],"line":47},"4":{"loc":{"start":{"line":50,"column":12},"end":{"line":50,"column":32}},"type":"binary-expr","locations":[{"start":{"line":50,"column":12},"end":{"line":50,"column":14}},{"start":{"line":50,"column":18},"end":{"line":50,"column":32}}],"line":50},"5":{"loc":{"start":{"line":71,"column":6},"end":{"line":73,"column":7}},"type":"if","locations":[{"start":{"line":71,"column":6},"end":{"line":73,"column":7}},{"start":{"line":71,"column":6},"end":{"line":73,"column":7}}],"line":71},"6":{"loc":{"start":{"line":87,"column":4},"end":{"line":87,"column":73}},"type":"binary-expr","locations":[{"start":{"line":87,"column":4},"end":{"line":87,"column":23}},{"start":{"line":87,"column":27},"end":{"line":87,"column":73}}],"line":87},"7":{"loc":{"start":{"line":91,"column":4},"end":{"line":91,"column":46}},"type":"if","locations":[{"start":{"line":91,"column":4},"end":{"line":91,"column":46}},{"start":{"line":91,"column":4},"end":{"line":91,"column":46}}],"line":91},"8":{"loc":{"start":{"line":95,"column":4},"end":{"line":97,"column":5}},"type":"if","locations":[{"start":{"line":95,"column":4},"end":{"line":97,"column":5}},{"start":{"line":95,"column":4},"end":{"line":97,"column":5}}],"line":95},"9":{"loc":{"start":{"line":102,"column":6},"end":{"line":106,"column":7}},"type":"if","locations":[{"start":{"line":102,"column":6},"end":{"line":106,"column":7}},{"start":{"line":102,"column":6},"end":{"line":106,"column":7}}],"line":102}},"s":{"0":1,"1":1,"2":8,"3":8,"4":8,"5":8,"6":8,"7":17,"8":10,"9":10,"10":2,"11":2,"12":2,"13":5,"14":5,"15":5,"16":1,"17":4,"18":5,"19":5,"20":5,"21":5,"22":6,"23":6,"24":6,"25":4,"26":6,"27":5,"28":11,"29":11,"30":11,"31":11,"32":11,"33":11,"34":8,"35":8,"36":7,"37":1,"38":2,"39":2,"40":2,"41":10,"42":10,"43":6,"44":6,"45":19,"46":2,"47":17,"48":17,"49":17,"50":9,"51":9,"52":9,"53":8,"54":8,"55":8,"56":8,"57":17,"58":17,"59":18,"60":19,"61":8,"62":8,"63":8},"f":{"0":8,"1":17,"2":2,"3":2,"4":5,"5":5,"6":6,"7":6,"8":11,"9":8,"10":2,"11":2,"12":10,"13":6,"14":19,"15":17,"16":18,"17":19,"18":8,"19":8},"b":{"0":[10,7],"1":[1,4],"2":[5,0],"3":[4,2],"4":[6,0],"5":[7,1],"6":[10,3],"7":[6,0],"8":[2,17],"9":[9,8]},"_coverageSchema":"332fd63041d2c1bcb487cc26dd0d5f7d97098a6c","hash":"4842dcde4b5549e18b601f8ab5b84536e32326f1"}
}
