TN:
SF:/Users/zf/Desktop/rectx/src/index.js
FN:9,(anonymous_0)
FN:17,(anonymous_1)
FN:24,(anonymous_2)
FN:26,(anonymous_3)
FN:29,(anonymous_4)
FN:31,(anonymous_5)
FN:44,(anonymous_6)
FN:45,(anonymous_7)
FN:61,(anonymous_8)
FN:69,(anonymous_9)
FN:78,(anonymous_10)
FN:79,(anonymous_11)
FN:85,(anonymous_12)
FN:90,(anonymous_13)
FN:94,(anonymous_14)
FN:101,(anonymous_15)
FN:118,(anonymous_16)
FN:120,(anonymous_17)
FN:126,(anonymous_18)
FN:129,(anonymous_19)
FNF:20
FNH:20
FNDA:8,(anonymous_0)
FNDA:17,(anonymous_1)
FNDA:2,(anonymous_2)
FNDA:2,(anonymous_3)
FNDA:5,(anonymous_4)
FNDA:5,(anonymous_5)
FNDA:6,(anonymous_6)
FNDA:6,(anonymous_7)
FNDA:11,(anonymous_8)
FNDA:8,(anonymous_9)
FNDA:2,(anonymous_10)
FNDA:2,(anonymous_11)
FNDA:10,(anonymous_12)
FNDA:6,(anonymous_13)
FNDA:19,(anonymous_14)
FNDA:17,(anonymous_15)
FNDA:18,(anonymous_16)
FNDA:19,(anonymous_17)
FNDA:8,(anonymous_18)
FNDA:8,(anonymous_19)
DA:5,1
DA:6,1
DA:10,8
DA:11,8
DA:12,8
DA:13,8
DA:14,8
DA:18,17
DA:19,10
DA:20,10
DA:25,2
DA:26,2
DA:30,5
DA:31,5
DA:33,5
DA:34,1
DA:36,4
DA:39,5
DA:40,5
DA:42,5
DA:44,5
DA:45,6
DA:46,6
DA:47,6
DA:48,4
DA:50,6
DA:55,5
DA:62,11
DA:63,11
DA:64,11
DA:65,11
DA:66,11
DA:67,11
DA:70,8
DA:71,8
DA:72,7
DA:75,1
DA:79,2
DA:80,2
DA:82,2
DA:86,10
DA:87,10
DA:91,6
DA:95,19
DA:96,2
DA:99,17
DA:101,17
DA:102,17
DA:103,9
DA:104,9
DA:105,9
DA:108,8
DA:109,8
DA:110,8
DA:111,8
DA:114,17
DA:115,17
DA:119,18
DA:120,19
DA:127,8
DA:130,8
DA:131,8
LF:62
LH:62
BRDA:18,0,0,10
BRDA:18,0,1,7
BRDA:33,1,0,1
BRDA:33,1,1,4
BRDA:39,2,0,5
BRDA:39,2,1,0
BRDA:47,3,0,4
BRDA:47,3,1,2
BRDA:50,4,0,6
BRDA:50,4,1,0
BRDA:71,5,0,7
BRDA:71,5,1,1
BRDA:87,6,0,10
BRDA:87,6,1,3
BRDA:91,7,0,6
BRDA:91,7,1,0
BRDA:95,8,0,2
BRDA:95,8,1,17
BRDA:102,9,0,9
BRDA:102,9,1,8
BRF:20
BRH:17
end_of_record
